
[Windows 95 Params]														
	WndTitle   = Microsoft Visual C++ Setup													
	WndMess    = Starting Visual C++ Setup, please wait...													
	TmpDirSize = 2000													
	TmpDirName = tmp													

	CmdLine    = acmsetup /Z bboard.dll /T VC98Bok.STF /S %s %s													

	DrvModName = ACMSETUP													
	DrvWinClass = Stuff-Shell													
														
[Windows 95 Files]														
	setup\acmsetup.exe = acmsetup.exe 													
	setup\acmsetup.hlp = acmsetup.hlp 													
	setup\mssetup.dll = mssetup.dll 													

	setup\bboard.dll = bboard.dll													

	setup\pholder.dll = pholder.dll													
	setup\vssetup.ttf = vssetup.ttf													

	setup\VC98Bok.DLL = VC98Bok.DLL													
	setup\COMMON98.DLL = COMMON98.DLL													
														
	EULA.TXT = EULA.TXT													
														
	setup\VC98Bok.INF = VC98Bok.INF													
	setup\VC98Bok.STF = VC98Bok.STF													
														
	setup\odbcstf.dll = odbcstf.dll													
	setup\odbckey.inf = odbckey.inf													
	os\system\odbccp32.dll = odbccp32.dll													
	os\system\odbcint.dll = odbcint.dll													
	os\system\msvcrt40.dll = msvcrt40.dll													
	os\system\msvcrt.dll = msvcrt.dll													

[NT Intel Params]														
	WndTitle   = Microsoft Visual C++ Setup													
	WndMess    = Starting Visual C++ Setup, please wait...													
	TmpDirSize = 2000													
	TmpDirName = tmp													

	CmdLine    = acmsetup /Z bboard.dll /T VC98Bok.STF /S %s %s													

	DrvModName = ACMSETUP													
	DrvWinClass = Stuff-Shell													
														
[NT Intel Files]														
	setup\acmsetup.exe = acmsetup.exe													
	setup\acmsetup.hlp = acmsetup.hlp													
	setup\mssetup.dll = mssetup.dll													

	setup\bboard.dll = bboard.dll													

	setup\pholder.dll = pholder.dll													
	setup\vssetup.ttf = vssetup.ttf													

	setup\VC98Bok.DLL = VC98Bok.DLL													
	setup\COMMON98.DLL = COMMON98.DLL													

	EULA.TXT = EULA.TXT													
	setup\VC98Bok.INF = VC98Bok.INF													
	setup\VC98Bok.STF = VC98Bok.STF													
														
	setup\odbcstf.dll = odbcstf.dll													
	setup\odbckey.inf = odbckey.inf													
	os\system\odbccp32.dll = odbccp32.dll													
	os\system\odbcint.dll = odbcint.dll													
	os\system\msvcrt40.dll = msvcrt40.dll													
	os\system\msvcrt.dll = msvcrt.dll													

